[s6-init] making user provided files available at /var/run/s6/etc...exited 0.
[s6-init] ensuring user provided files have correct perms...exited 0.
[fix-attrs.d] applying ownership & permissions fixes...
[fix-attrs.d] done.
[cont-init.d] executing container initialization scripts...
[cont-init.d] done.
[services.d] starting services
[services.d] done.
/opt/bin/serf agent --join ha --tag role=backend
==> Starting Serf agent...
==> Starting Serf agent RPC...
==> Serf agent running!
         Node name: 'ce5c55ce496c'
         Bind addr: '0.0.0.0:7946'
                       RPC addr: '127.0.0.1:7373'
                      Encrypted: false
                       Snapshot: false
                        Profile: lan
    Message Compression Enabled: true
==> Joining cluster...(replay: false)
    Join completed. Synced with 1 initial agents

==> Log data will now stream in as it occurs:

    2021/12/24 14:27:10 [INFO] agent: Serf agent starting
    2021/12/24 14:27:10 [INFO] serf: EventMemberJoin: ce5c55ce496c 192.168.42.11
    2021/12/24 14:27:10 [INFO] agent: joining: [ha] replay: false
    2021/12/24 14:27:10 [INFO] serf: EventMemberJoin: bfee45f96d41 192.168.42.22
    2021/12/24 14:27:10 [INFO] serf: EventMemberJoin: 3af7886e6991 192.168.42.42
    2021/12/24 14:27:10 [INFO] agent: joined: 1 nodes
Application started
    2021/12/24 14:27:11 [INFO] agent: Received event: member-join
[0mHEAD / [32m200 [0m19.315 ms - 129[0m
[0mHEAD / [32m200 [0m6.181 ms - 129[0m
[0mHEAD / [32m200 [0m3.811 ms - 129[0m
[0mHEAD / [32m200 [0m4.122 ms - 129[0m
[0mHEAD / [32m200 [0m4.284 ms - 129[0m
[0mHEAD / [32m200 [0m1.190 ms - 129[0m
[0mHEAD / [32m200 [0m2.736 ms - 129[0m
[0mHEAD / [32m200 [0m2.139 ms - 129[0m
[0mGET / [32m200 [0m4.470 ms - 129[0m
[0mHEAD / [32m200 [0m2.169 ms - 129[0m
[0mHEAD / [32m200 [0m1.829 ms - 129[0m
[0mHEAD / [32m200 [0m3.247 ms - 129[0m
[0mHEAD / [32m200 [0m2.014 ms - 129[0m
[0mHEAD / [32m200 [0m2.223 ms - 129[0m
[0mHEAD / [32m200 [0m3.102 ms - 129[0m
[0mHEAD / [32m200 [0m1.525 ms - 129[0m
[0mHEAD / [32m200 [0m1.450 ms - 129[0m
[0mHEAD / [32m200 [0m3.198 ms - 129[0m
[0mHEAD / [32m200 [0m1.311 ms - 129[0m
[0mHEAD / [32m200 [0m3.093 ms - 129[0m
[0mHEAD / [32m200 [0m2.826 ms - 129[0m
[0mHEAD / [32m200 [0m4.608 ms - 129[0m
[0mHEAD / [32m200 [0m4.156 ms - 129[0m
[0mHEAD / [32m200 [0m2.826 ms - 129[0m
[0mHEAD / [32m200 [0m2.756 ms - 129[0m
[0mHEAD / [32m200 [0m3.140 ms - 129[0m
[0mHEAD / [32m200 [0m3.175 ms - 129[0m
[0mHEAD / [32m200 [0m2.869 ms - 129[0m
[0mHEAD / [32m200 [0m2.732 ms - 129[0m
[0mHEAD / [32m200 [0m3.440 ms - 129[0m
[0mHEAD / [32m200 [0m3.142 ms - 129[0m
[0mHEAD / [32m200 [0m3.071 ms - 129[0m
[0mHEAD / [32m200 [0m2.707 ms - 129[0m
[0mHEAD / [32m200 [0m3.096 ms - 129[0m
[0mHEAD / [32m200 [0m3.369 ms - 129[0m
[0mHEAD / [32m200 [0m3.903 ms - 129[0m
[0mHEAD / [32m200 [0m6.959 ms - 129[0m
[0mHEAD / [32m200 [0m2.682 ms - 129[0m
[0mHEAD / [32m200 [0m3.007 ms - 129[0m
[0mHEAD / [32m200 [0m2.657 ms - 129[0m
[0mHEAD / [32m200 [0m2.664 ms - 129[0m
[0mHEAD / [32m200 [0m3.528 ms - 129[0m
[0mHEAD / [32m200 [0m2.709 ms - 129[0m
[0mHEAD / [32m200 [0m2.360 ms - 129[0m
[0mHEAD / [32m200 [0m3.309 ms - 129[0m
[0mHEAD / [32m200 [0m2.755 ms - 129[0m
[0mHEAD / [32m200 [0m2.494 ms - 129[0m
[0mHEAD / [32m200 [0m2.362 ms - 129[0m
[0mHEAD / [32m200 [0m0.749 ms - 129[0m
[0mHEAD / [32m200 [0m3.104 ms - 129[0m
[0mHEAD / [32m200 [0m2.559 ms - 129[0m
[0mHEAD / [32m200 [0m2.878 ms - 129[0m
[0mHEAD / [32m200 [0m2.297 ms - 129[0m
[0mHEAD / [32m200 [0m2.865 ms - 129[0m
[0mHEAD / [32m200 [0m2.934 ms - 129[0m
[0mHEAD / [32m200 [0m2.871 ms - 129[0m
[0mHEAD / [32m200 [0m3.059 ms - 129[0m
[0mHEAD / [32m200 [0m2.863 ms - 129[0m
[0mHEAD / [32m200 [0m6.637 ms - 129[0m
[0mHEAD / [32m200 [0m2.561 ms - 129[0m
[0mHEAD / [32m200 [0m1.127 ms - 129[0m
[0mHEAD / [32m200 [0m2.869 ms - 129[0m
[0mHEAD / [32m200 [0m2.801 ms - 129[0m
[0mHEAD / [32m200 [0m3.063 ms - 129[0m
[0mHEAD / [32m200 [0m2.772 ms - 129[0m
[0mHEAD / [32m200 [0m2.888 ms - 129[0m
[0mHEAD / [32m200 [0m6.459 ms - 129[0m
[0mHEAD / [32m200 [0m2.957 ms - 129[0m
[0mHEAD / [32m200 [0m3.170 ms - 129[0m
[0mHEAD / [32m200 [0m3.078 ms - 129[0m
[0mHEAD / [32m200 [0m2.985 ms - 129[0m
[0mHEAD / [32m200 [0m2.828 ms - 129[0m
[0mHEAD / [32m200 [0m1.307 ms - 129[0m
[0mHEAD / [32m200 [0m2.584 ms - 129[0m
[0mHEAD / [32m200 [0m3.442 ms - 129[0m
[0mHEAD / [32m200 [0m0.808 ms - 129[0m
[0mHEAD / [32m200 [0m2.831 ms - 129[0m
[0mHEAD / [32m200 [0m1.983 ms - 129[0m
[0mHEAD / [32m200 [0m1.612 ms - 129[0m
[0mHEAD / [32m200 [0m1.305 ms - 129[0m
[0mHEAD / [32m200 [0m1.116 ms - 129[0m
[0mHEAD / [32m200 [0m1.169 ms - 129[0m
[0mHEAD / [32m200 [0m2.656 ms - 129[0m
[0mHEAD / [32m200 [0m1.607 ms - 129[0m
[0mHEAD / [32m200 [0m1.525 ms - 129[0m
[0mHEAD / [32m200 [0m1.064 ms - 129[0m
[0mHEAD / [32m200 [0m1.492 ms - 129[0m
[0mHEAD / [32m200 [0m2.702 ms - 129[0m
[0mHEAD / [32m200 [0m1.770 ms - 129[0m
[0mHEAD / [32m200 [0m2.617 ms - 129[0m
[0mHEAD / [32m200 [0m1.987 ms - 129[0m
[0mHEAD / [32m200 [0m1.787 ms - 129[0m
[0mHEAD / [32m200 [0m1.819 ms - 129[0m
[0mHEAD / [32m200 [0m2.218 ms - 129[0m
[0mHEAD / [32m200 [0m2.712 ms - 129[0m
[0mHEAD / [32m200 [0m5.967 ms - 129[0m
[0mHEAD / [32m200 [0m2.661 ms - 129[0m
[0mHEAD / [32m200 [0m2.491 ms - 129[0m
[0mHEAD / [32m200 [0m1.510 ms - 129[0m
[0mHEAD / [32m200 [0m2.710 ms - 129[0m
[0mHEAD / [32m200 [0m2.994 ms - 129[0m
[0mHEAD / [32m200 [0m2.660 ms - 129[0m
[0mHEAD / [32m200 [0m2.748 ms - 129[0m
[0mHEAD / [32m200 [0m5.932 ms - 129[0m
[0mHEAD / [32m200 [0m2.958 ms - 129[0m
[0mHEAD / [32m200 [0m2.910 ms - 129[0m
[0mHEAD / [32m200 [0m2.666 ms - 129[0m
[0mHEAD / [32m200 [0m2.924 ms - 129[0m
[0mHEAD / [32m200 [0m3.057 ms - 129[0m
[0mHEAD / [32m200 [0m3.397 ms - 129[0m
[0mHEAD / [32m200 [0m2.677 ms - 129[0m
[0mHEAD / [32m200 [0m1.114 ms - 129[0m
[0mHEAD / [32m200 [0m3.037 ms - 129[0m
[0mHEAD / [32m200 [0m2.938 ms - 129[0m
[0mHEAD / [32m200 [0m4.223 ms - 129[0m
[0mHEAD / [32m200 [0m3.005 ms - 129[0m
[0mHEAD / [32m200 [0m3.124 ms - 129[0m
[0mHEAD / [32m200 [0m2.253 ms - 129[0m
[0mHEAD / [32m200 [0m2.924 ms - 129[0m
[0mHEAD / [32m200 [0m3.077 ms - 129[0m
[0mHEAD / [32m200 [0m2.620 ms - 129[0m
[0mHEAD / [32m200 [0m3.010 ms - 129[0m
[0mHEAD / [32m200 [0m2.799 ms - 129[0m
[0mHEAD / [32m200 [0m2.925 ms - 129[0m
[0mHEAD / [32m200 [0m2.748 ms - 129[0m
[0mHEAD / [32m200 [0m5.994 ms - 129[0m
[0mHEAD / [32m200 [0m2.874 ms - 129[0m
[0mHEAD / [32m200 [0m2.844 ms - 129[0m
[0mHEAD / [32m200 [0m2.950 ms - 129[0m
[0mHEAD / [32m200 [0m2.780 ms - 129[0m
[0mHEAD / [32m200 [0m2.839 ms - 129[0m
[0mHEAD / [32m200 [0m2.774 ms - 129[0m
[0mHEAD / [32m200 [0m2.833 ms - 129[0m
[0mHEAD / [32m200 [0m2.838 ms - 129[0m
[0mHEAD / [32m200 [0m2.708 ms - 129[0m
[0mHEAD / [32m200 [0m2.874 ms - 129[0m
[0mHEAD / [32m200 [0m2.746 ms - 129[0m
[0mHEAD / [32m200 [0m2.657 ms - 129[0m
[0mHEAD / [32m200 [0m2.901 ms - 129[0m
[0mHEAD / [32m200 [0m2.616 ms - 129[0m
[0mHEAD / [32m200 [0m2.850 ms - 129[0m
[0mHEAD / [32m200 [0m2.892 ms - 129[0m
[0mHEAD / [32m200 [0m2.880 ms - 129[0m
[0mHEAD / [32m200 [0m2.916 ms - 129[0m
[0mHEAD / [32m200 [0m2.853 ms - 129[0m
[0mHEAD / [32m200 [0m2.656 ms - 129[0m
[0mHEAD / [32m200 [0m2.617 ms - 129[0m
[0mHEAD / [32m200 [0m2.660 ms - 129[0m
[0mHEAD / [32m200 [0m2.584 ms - 129[0m
[0mHEAD / [32m200 [0m0.806 ms - 129[0m
[0mHEAD / [32m200 [0m2.697 ms - 129[0m
[0mHEAD / [32m200 [0m0.841 ms - 129[0m
[0mHEAD / [32m200 [0m1.970 ms - 129[0m
[0mHEAD / [32m200 [0m1.581 ms - 129[0m
[0mHEAD / [32m200 [0m1.080 ms - 129[0m
[0mHEAD / [32m200 [0m2.343 ms - 129[0m
[0mHEAD / [32m200 [0m1.120 ms - 129[0m
[0mHEAD / [32m200 [0m1.419 ms - 129[0m
[0mHEAD / [32m200 [0m1.431 ms - 129[0m
[0mHEAD / [32m200 [0m1.181 ms - 129[0m
[0mHEAD / [32m200 [0m1.136 ms - 129[0m
[0mHEAD / [32m200 [0m1.499 ms - 129[0m
[0mHEAD / [32m200 [0m1.545 ms - 129[0m
[0mHEAD / [32m200 [0m2.575 ms - 129[0m
[0mHEAD / [32m200 [0m1.520 ms - 129[0m
[0mHEAD / [32m200 [0m0.955 ms - 129[0m
[0mHEAD / [32m200 [0m1.532 ms - 129[0m
[0mHEAD / [32m200 [0m2.665 ms - 129[0m
[0mHEAD / [32m200 [0m2.648 ms - 129[0m
[0mHEAD / [32m200 [0m1.200 ms - 129[0m
[0mHEAD / [32m200 [0m2.221 ms - 129[0m
[0mHEAD / [32m200 [0m3.472 ms - 129[0m
[0mHEAD / [32m200 [0m2.016 ms - 129[0m
[0mHEAD / [32m200 [0m2.666 ms - 129[0m
[0mHEAD / [32m200 [0m1.483 ms - 129[0m
[0mHEAD / [32m200 [0m2.488 ms - 129[0m
[0mHEAD / [32m200 [0m3.021 ms - 129[0m
[0mHEAD / [32m200 [0m3.014 ms - 129[0m
[0mHEAD / [32m200 [0m6.094 ms - 129[0m
[0mHEAD / [32m200 [0m2.631 ms - 129[0m
[0mHEAD / [32m200 [0m2.582 ms - 129[0m
[0mHEAD / [32m200 [0m2.507 ms - 129[0m
[0mHEAD / [32m200 [0m2.696 ms - 129[0m
[0mHEAD / [32m200 [0m2.616 ms - 129[0m
[0mHEAD / [32m200 [0m2.539 ms - 129[0m
[0mHEAD / [32m200 [0m2.539 ms - 129[0m
[0mHEAD / [32m200 [0m2.608 ms - 129[0m
[0mHEAD / [32m200 [0m2.567 ms - 129[0m
[0mHEAD / [32m200 [0m2.491 ms - 129[0m
[0mHEAD / [32m200 [0m2.508 ms - 129[0m
[0mHEAD / [32m200 [0m2.698 ms - 129[0m
[0mHEAD / [32m200 [0m2.790 ms - 129[0m
[0mHEAD / [32m200 [0m3.139 ms - 129[0m
[0mHEAD / [32m200 [0m2.281 ms - 129[0m
[0mHEAD / [32m200 [0m3.244 ms - 129[0m
[0mHEAD / [32m200 [0m7.080 ms - 129[0m
[0mHEAD / [32m200 [0m2.864 ms - 129[0m
[0mHEAD / [32m200 [0m3.106 ms - 129[0m
[0mHEAD / [32m200 [0m2.686 ms - 129[0m
[0mHEAD / [32m200 [0m2.927 ms - 129[0m
[0mHEAD / [32m200 [0m2.820 ms - 129[0m
[0mHEAD / [32m200 [0m2.905 ms - 129[0m
[0mHEAD / [32m200 [0m2.828 ms - 129[0m
[0mHEAD / [32m200 [0m7.048 ms - 129[0m
[0mHEAD / [32m200 [0m2.820 ms - 129[0m
[0mHEAD / [32m200 [0m2.836 ms - 129[0m
[0mHEAD / [32m200 [0m3.083 ms - 129[0m
[0mHEAD / [32m200 [0m2.752 ms - 129[0m
[0mHEAD / [32m200 [0m3.080 ms - 129[0m
[0mHEAD / [32m200 [0m2.821 ms - 129[0m
[0mHEAD / [32m200 [0m7.109 ms - 129[0m
[0mHEAD / [32m200 [0m2.889 ms - 129[0m
[0mHEAD / [32m200 [0m2.912 ms - 129[0m
[0mHEAD / [32m200 [0m2.921 ms - 129[0m
[0mHEAD / [32m200 [0m2.489 ms - 129[0m
[0mHEAD / [32m200 [0m2.780 ms - 129[0m
[0mHEAD / [32m200 [0m2.946 ms - 129[0m
[0mHEAD / [32m200 [0m2.714 ms - 129[0m
[0mHEAD / [32m200 [0m2.794 ms - 129[0m
[0mHEAD / [32m200 [0m8.031 ms - 129[0m
[0mHEAD / [32m200 [0m3.574 ms - 129[0m
[0mHEAD / [32m200 [0m3.018 ms - 129[0m
[0mHEAD / [32m200 [0m2.888 ms - 129[0m
[0mHEAD / [32m200 [0m2.924 ms - 129[0m
[0mHEAD / [32m200 [0m2.899 ms - 129[0m
[0mHEAD / [32m200 [0m2.882 ms - 129[0m
[0mHEAD / [32m200 [0m2.860 ms - 129[0m
[0mHEAD / [32m200 [0m3.171 ms - 129[0m
[0mHEAD / [32m200 [0m2.930 ms - 129[0m
[0mHEAD / [32m200 [0m2.666 ms - 129[0m
[0mHEAD / [32m200 [0m2.892 ms - 129[0m
[0mHEAD / [32m200 [0m2.775 ms - 129[0m
[0mHEAD / [32m200 [0m0.945 ms - 129[0m
[0mHEAD / [32m200 [0m2.784 ms - 129[0m
[0mHEAD / [32m200 [0m2.697 ms - 129[0m
[0mHEAD / [32m200 [0m1.217 ms - 129[0m
[0mHEAD / [32m200 [0m2.662 ms - 129[0m
[0mHEAD / [32m200 [0m5.408 ms - 129[0m
[0mHEAD / [32m200 [0m1.547 ms - 129[0m
[0mHEAD / [32m200 [0m1.318 ms - 129[0m
