[s6-init] making user provided files available at /var/run/s6/etc...exited 0.
[s6-init] ensuring user provided files have correct perms...exited 0.
[fix-attrs.d] applying ownership & permissions fixes...
[fix-attrs.d] done.
[cont-init.d] executing container initialization scripts...
[cont-init.d] done.
[services.d] starting services
[services.d] done.
/opt/bin/serf agent --join ha --replay --event-handler member-join=/serf-handlers/member-join.sh --event-handler member-leave,member-failed=/serf-handlers/member-leave.sh --tag role=balancer
==> Starting Serf agent...
==> Starting Serf agent RPC...
==> Serf agent running!
         Node name: '679c20b3b089'
         Bind addr: '0.0.0.0:7946'
                       RPC addr: '127.0.0.1:7373'
                      Encrypted: false
                       Snapshot: false
                        Profile: lan
    Message Compression Enabled: true
==> Joining cluster...(replay: true)
    Join completed. Synced with 1 initial agents

==> Log data will now stream in as it occurs:

    2021/12/24 15:51:21 [INFO] agent: Serf agent starting
    2021/12/24 15:51:21 [INFO] serf: EventMemberJoin: 679c20b3b089 192.168.42.42
    2021/12/24 15:51:21 [INFO] agent: joining: [ha] replay: true
    2021/12/24 15:51:21 [INFO] agent: joined: 1 nodes
    2021/12/24 15:51:22 [INFO] agent: Received event: member-join
    2021/12/24 15:53:41 [INFO] serf: EventMemberJoin: 74914492af1a 192.168.42.11
    2021/12/24 15:53:42 [INFO] agent: Received event: member-join
    2021/12/24 16:00:17 [INFO] serf: EventMemberJoin: fe7a29e0de06 192.168.42.22
    2021/12/24 16:00:18 [INFO] agent: Received event: member-join
