[s6-init] making user provided files available at /var/run/s6/etc...exited 0.
[s6-init] ensuring user provided files have correct perms...exited 0.
[fix-attrs.d] applying ownership & permissions fixes...
[fix-attrs.d] done.
[cont-init.d] executing container initialization scripts...
[cont-init.d] done.
[services.d] starting services
/opt/bin/serf agent --join ha --tag role=backend
[services.d] done.
==> Starting Serf agent...
==> Starting Serf agent RPC...
==> Serf agent running!
         Node name: '74914492af1a'
         Bind addr: '0.0.0.0:7946'
                       RPC addr: '127.0.0.1:7373'
                      Encrypted: false
                       Snapshot: false
                        Profile: lan
    Message Compression Enabled: true
==> Joining cluster...(replay: false)
    Join completed. Synced with 1 initial agents

==> Log data will now stream in as it occurs:

    2021/12/24 15:53:41 [INFO] agent: Serf agent starting
    2021/12/24 15:53:41 [INFO] serf: EventMemberJoin: 74914492af1a 192.168.42.11
    2021/12/24 15:53:41 [INFO] agent: joining: [ha] replay: false
    2021/12/24 15:53:41 [INFO] serf: EventMemberJoin: 679c20b3b089 192.168.42.42
    2021/12/24 15:53:41 [INFO] agent: joined: 1 nodes
Application started
[0mHEAD / [32m200 [0m18.869 ms - 129[0m
    2021/12/24 15:53:42 [INFO] agent: Received event: member-join
[0mHEAD / [32m200 [0m2.544 ms - 129[0m
[0mHEAD / [32m200 [0m2.290 ms - 129[0m
[0mHEAD / [32m200 [0m1.808 ms - 129[0m
[0mHEAD / [32m200 [0m1.982 ms - 129[0m
[0mHEAD / [32m200 [0m2.087 ms - 129[0m
[0mHEAD / [32m200 [0m1.600 ms - 129[0m
[0mHEAD / [32m200 [0m3.422 ms - 129[0m
[0mHEAD / [32m200 [0m5.035 ms - 129[0m
