[s6-init] making user provided files available at /var/run/s6/etc...exited 0.
[s6-init] ensuring user provided files have correct perms...exited 0.
[fix-attrs.d] applying ownership & permissions fixes...
[fix-attrs.d] done.
[cont-init.d] executing container initialization scripts...
[cont-init.d] done.
[services.d] starting services
[services.d] done.
/opt/bin/serf agent --join ha --tag role=backend
==> Starting Serf agent...
==> Starting Serf agent RPC...
==> Serf agent running!
         Node name: 'fe7a29e0de06'
         Bind addr: '0.0.0.0:7946'
                       RPC addr: '127.0.0.1:7373'
                      Encrypted: false
                       Snapshot: false
                        Profile: lan
    Message Compression Enabled: true
==> Joining cluster...(replay: false)
    Join completed. Synced with 1 initial agents

==> Log data will now stream in as it occurs:

    2021/12/24 16:00:17 [INFO] agent: Serf agent starting
    2021/12/24 16:00:17 [INFO] serf: EventMemberJoin: fe7a29e0de06 192.168.42.22
    2021/12/24 16:00:17 [INFO] agent: joining: [ha] replay: false
    2021/12/24 16:00:17 [INFO] serf: EventMemberJoin: 74914492af1a 192.168.42.11
    2021/12/24 16:00:17 [INFO] serf: EventMemberJoin: 679c20b3b089 192.168.42.42
    2021/12/24 16:00:17 [INFO] agent: joined: 1 nodes
Application started
    2021/12/24 16:00:18 [INFO] agent: Received event: member-join
[0mHEAD / [32m200 [0m22.408 ms - 129[0m
[0mHEAD / [32m200 [0m6.261 ms - 129[0m
[0mHEAD / [32m200 [0m4.977 ms - 129[0m
[0mHEAD / [32m200 [0m3.433 ms - 129[0m
[0mHEAD / [32m200 [0m2.989 ms - 129[0m
[0mHEAD / [32m200 [0m1.211 ms - 129[0m
